<?xml version="1.0" encoding="UTF-8"?>
<!-- Generated by org.testng.reporters.JUnitReportReporter -->
<testsuite hostname="AUTOP-nez6otlUa" failures="0" tests="11" name="runners.TestRunner" time="3.598" errors="0" timestamp="2025-02-03T05:59:42 COT" skipped="0">
  <testcase classname="runners.TestRunner" name="runScenario" time="0.101"/>
  <system-out/>
  <testcase classname="runners.TestRunner" name="runScenario" time="0.044"/>
  <system-out/>
  <testcase classname="runners.TestRunner" name="runScenario" time="0.037"/>
  <system-out/>
  <testcase classname="runners.TestRunner" name="runScenario" time="2.952"/>
  <system-out/>
  <testcase classname="runners.TestRunner" name="runScenario" time="0.086"/>
  <system-out/>
  <testcase classname="runners.TestRunner" name="runScenario" time="0.067"/>
  <system-out/>
  <testcase classname="runners.TestRunner" name="runScenario" time="0.055"/>
  <system-out/>
  <testcase classname="runners.TestRunner" name="runScenario" time="0.105"/>
  <system-out/>
  <testcase classname="runners.TestRunner" name="runScenario" time="0.061"/>
  <system-out/>
  <testcase classname="runners.TestRunner" name="runScenario" time="0.043"/>
  <system-out/>
  <testcase classname="runners.TestRunner" name="runScenario" time="0.047"/>
  <system-out/>
</testsuite> <!-- runners.TestRunner -->
