<?xml version="1.0" encoding="UTF-8"?>
<!-- Generated by org.testng.reporters.JUnitReportReporter -->
<testsuite hostname="AUTOP-nez6otlUa" failures="0" tests="11" name="runners.TestRunner" time="2.878" errors="0" timestamp="2025-02-03T05:16:59 COT" skipped="0">
  <testcase classname="runners.TestRunner" name="runScenario" time="0.071"/>
  <system-out/>
  <testcase classname="runners.TestRunner" name="runScenario" time="0.038"/>
  <system-out/>
  <testcase classname="runners.TestRunner" name="runScenario" time="0.042"/>
  <system-out/>
  <testcase classname="runners.TestRunner" name="runScenario" time="2.393"/>
  <system-out/>
  <testcase classname="runners.TestRunner" name="runScenario" time="0.054"/>
  <system-out/>
  <testcase classname="runners.TestRunner" name="runScenario" time="0.053"/>
  <system-out/>
  <testcase classname="runners.TestRunner" name="runScenario" time="0.037"/>
  <system-out/>
  <testcase classname="runners.TestRunner" name="runScenario" time="0.054"/>
  <system-out/>
  <testcase classname="runners.TestRunner" name="runScenario" time="0.048"/>
  <system-out/>
  <testcase classname="runners.TestRunner" name="runScenario" time="0.040"/>
  <system-out/>
  <testcase classname="runners.TestRunner" name="runScenario" time="0.048"/>
  <system-out/>
</testsuite> <!-- runners.TestRunner -->
