<?xml version="1.0" encoding="UTF-8"?>
<!-- Generated by org.testng.reporters.JUnitReportReporter -->
<testsuite hostname="AUTOP-nez6otlUa" failures="0" tests="11" name="runners.TestRunner" time="3.374" errors="0" timestamp="2025-02-03T05:28:08 COT" skipped="0">
  <testcase classname="runners.TestRunner" name="runScenario" time="0.038"/>
  <system-out/>
  <testcase classname="runners.TestRunner" name="runScenario" time="0.072"/>
  <system-out/>
  <testcase classname="runners.TestRunner" name="runScenario" time="0.047"/>
  <system-out/>
  <testcase classname="runners.TestRunner" name="runScenario" time="0.061"/>
  <system-out/>
  <testcase classname="runners.TestRunner" name="runScenario" time="0.057"/>
  <system-out/>
  <testcase classname="runners.TestRunner" name="runScenario" time="0.068"/>
  <system-out/>
  <testcase classname="runners.TestRunner" name="runScenario" time="0.047"/>
  <system-out/>
  <testcase classname="runners.TestRunner" name="runScenario" time="0.062"/>
  <system-out/>
  <testcase classname="runners.TestRunner" name="runScenario" time="2.833"/>
  <system-out/>
  <testcase classname="runners.TestRunner" name="runScenario" time="0.054"/>
  <system-out/>
  <testcase classname="runners.TestRunner" name="runScenario" time="0.035"/>
  <system-out/>
</testsuite> <!-- runners.TestRunner -->
